ARM GAS  C:\Users\soran\AppData\Local\Temp\cc7BmlOJ.s 			page 1


   1              		.cpu cortex-m33
   2              		.arch armv8-m.main
   3              		.fpu fpv5-sp-d16
   4              		.arch_extension dsp
   5              		.eabi_attribute 27, 1
   6              		.eabi_attribute 28, 1
   7              		.eabi_attribute 20, 1
   8              		.eabi_attribute 21, 1
   9              		.eabi_attribute 23, 3
  10              		.eabi_attribute 24, 1
  11              		.eabi_attribute 25, 1
  12              		.eabi_attribute 26, 1
  13              		.eabi_attribute 30, 1
  14              		.eabi_attribute 34, 1
  15              		.eabi_attribute 18, 4
  16              		.file	"stm32u5xx_hal_msp.c"
  17              		.text
  18              	.Ltext0:
  19              		.cfi_sections	.debug_frame
  20              		.file 1 "Src/stm32u5xx_hal_msp.c"
  21              		.section	.text.HAL_MspInit,"ax",%progbits
  22              		.align	1
  23              		.global	HAL_MspInit
  24              		.syntax unified
  25              		.thumb
  26              		.thumb_func
  28              	HAL_MspInit:
  29              	.LFB340:
   1:Src/stm32u5xx_hal_msp.c **** /* USER CODE BEGIN Header */
   2:Src/stm32u5xx_hal_msp.c **** /**
   3:Src/stm32u5xx_hal_msp.c ****   ******************************************************************************
   4:Src/stm32u5xx_hal_msp.c ****   * @file         stm32u5xx_hal_msp.c
   5:Src/stm32u5xx_hal_msp.c ****   * @brief        This file provides code for the MSP Initialization
   6:Src/stm32u5xx_hal_msp.c ****   *               and de-Initialization codes.
   7:Src/stm32u5xx_hal_msp.c ****   ******************************************************************************
   8:Src/stm32u5xx_hal_msp.c ****   * @attention
   9:Src/stm32u5xx_hal_msp.c ****   *
  10:Src/stm32u5xx_hal_msp.c ****   * Copyright (c) 2021 STMicroelectronics.
  11:Src/stm32u5xx_hal_msp.c ****   * All rights reserved.
  12:Src/stm32u5xx_hal_msp.c ****   *
  13:Src/stm32u5xx_hal_msp.c ****   * This software is licensed under terms that can be found in the LICENSE file
  14:Src/stm32u5xx_hal_msp.c ****   * in the root directory of this software component.
  15:Src/stm32u5xx_hal_msp.c ****   * If no LICENSE file comes with this software, it is provided AS-IS.
  16:Src/stm32u5xx_hal_msp.c ****   *
  17:Src/stm32u5xx_hal_msp.c ****   ******************************************************************************
  18:Src/stm32u5xx_hal_msp.c ****   */
  19:Src/stm32u5xx_hal_msp.c **** /* USER CODE END Header */
  20:Src/stm32u5xx_hal_msp.c **** 
  21:Src/stm32u5xx_hal_msp.c **** /* Includes ------------------------------------------------------------------*/
  22:Src/stm32u5xx_hal_msp.c **** #include "main.h"
  23:Src/stm32u5xx_hal_msp.c **** /* USER CODE BEGIN Includes */
  24:Src/stm32u5xx_hal_msp.c **** 
  25:Src/stm32u5xx_hal_msp.c **** /* USER CODE END Includes */
  26:Src/stm32u5xx_hal_msp.c **** 
  27:Src/stm32u5xx_hal_msp.c **** /* Private typedef -----------------------------------------------------------*/
  28:Src/stm32u5xx_hal_msp.c **** /* USER CODE BEGIN TD */
  29:Src/stm32u5xx_hal_msp.c **** 
ARM GAS  C:\Users\soran\AppData\Local\Temp\cc7BmlOJ.s 			page 2


  30:Src/stm32u5xx_hal_msp.c **** /* USER CODE END TD */
  31:Src/stm32u5xx_hal_msp.c **** 
  32:Src/stm32u5xx_hal_msp.c **** /* Private define ------------------------------------------------------------*/
  33:Src/stm32u5xx_hal_msp.c **** /* USER CODE BEGIN Define */
  34:Src/stm32u5xx_hal_msp.c **** 
  35:Src/stm32u5xx_hal_msp.c **** /* USER CODE END Define */
  36:Src/stm32u5xx_hal_msp.c **** 
  37:Src/stm32u5xx_hal_msp.c **** /* Private macro -------------------------------------------------------------*/
  38:Src/stm32u5xx_hal_msp.c **** /* USER CODE BEGIN Macro */
  39:Src/stm32u5xx_hal_msp.c **** 
  40:Src/stm32u5xx_hal_msp.c **** /* USER CODE END Macro */
  41:Src/stm32u5xx_hal_msp.c **** 
  42:Src/stm32u5xx_hal_msp.c **** /* Private variables ---------------------------------------------------------*/
  43:Src/stm32u5xx_hal_msp.c **** /* USER CODE BEGIN PV */
  44:Src/stm32u5xx_hal_msp.c **** 
  45:Src/stm32u5xx_hal_msp.c **** /* USER CODE END PV */
  46:Src/stm32u5xx_hal_msp.c **** 
  47:Src/stm32u5xx_hal_msp.c **** /* Private function prototypes -----------------------------------------------*/
  48:Src/stm32u5xx_hal_msp.c **** /* USER CODE BEGIN PFP */
  49:Src/stm32u5xx_hal_msp.c **** 
  50:Src/stm32u5xx_hal_msp.c **** /* USER CODE END PFP */
  51:Src/stm32u5xx_hal_msp.c **** 
  52:Src/stm32u5xx_hal_msp.c **** /* External functions --------------------------------------------------------*/
  53:Src/stm32u5xx_hal_msp.c **** /* USER CODE BEGIN ExternalFunctions */
  54:Src/stm32u5xx_hal_msp.c **** 
  55:Src/stm32u5xx_hal_msp.c **** /* USER CODE END ExternalFunctions */
  56:Src/stm32u5xx_hal_msp.c **** 
  57:Src/stm32u5xx_hal_msp.c **** /* USER CODE BEGIN 0 */
  58:Src/stm32u5xx_hal_msp.c **** 
  59:Src/stm32u5xx_hal_msp.c **** /* USER CODE END 0 */
  60:Src/stm32u5xx_hal_msp.c **** /**
  61:Src/stm32u5xx_hal_msp.c ****   * Initializes the Global MSP.
  62:Src/stm32u5xx_hal_msp.c ****   */
  63:Src/stm32u5xx_hal_msp.c **** void HAL_MspInit(void)
  64:Src/stm32u5xx_hal_msp.c **** {
  30              		.loc 1 64 1 view -0
  31              		.cfi_startproc
  32              		@ args = 0, pretend = 0, frame = 8
  33              		@ frame_needed = 0, uses_anonymous_args = 0
  34 0000 00B5     		push	{lr}
  35              		.cfi_def_cfa_offset 4
  36              		.cfi_offset 14, -4
  37 0002 83B0     		sub	sp, sp, #12
  38              		.cfi_def_cfa_offset 16
  65:Src/stm32u5xx_hal_msp.c ****   /* USER CODE BEGIN MspInit 0 */
  66:Src/stm32u5xx_hal_msp.c **** 
  67:Src/stm32u5xx_hal_msp.c ****   /* USER CODE END MspInit 0 */
  68:Src/stm32u5xx_hal_msp.c **** 
  69:Src/stm32u5xx_hal_msp.c ****   __HAL_RCC_PWR_CLK_ENABLE();
  39              		.loc 1 69 3 view .LVU1
  40              	.LBB2:
  41              		.loc 1 69 3 view .LVU2
  42              		.loc 1 69 3 view .LVU3
  43 0004 084B     		ldr	r3, .L3
  44 0006 D3F89420 		ldr	r2, [r3, #148]
  45 000a 42F00402 		orr	r2, r2, #4
  46 000e C3F89420 		str	r2, [r3, #148]
ARM GAS  C:\Users\soran\AppData\Local\Temp\cc7BmlOJ.s 			page 3


  47              		.loc 1 69 3 view .LVU4
  48 0012 D3F89430 		ldr	r3, [r3, #148]
  49 0016 03F00403 		and	r3, r3, #4
  50 001a 0193     		str	r3, [sp, #4]
  51              		.loc 1 69 3 view .LVU5
  52 001c 019B     		ldr	r3, [sp, #4]
  53              	.LBE2:
  54              		.loc 1 69 3 view .LVU6
  70:Src/stm32u5xx_hal_msp.c **** 
  71:Src/stm32u5xx_hal_msp.c ****   /* System interrupt init*/
  72:Src/stm32u5xx_hal_msp.c **** 
  73:Src/stm32u5xx_hal_msp.c ****   /* USER CODE BEGIN MspInit 1 */
  74:Src/stm32u5xx_hal_msp.c ****    HAL_PWREx_EnableVddA();
  55              		.loc 1 74 4 view .LVU7
  56 001e FFF7FEFF 		bl	HAL_PWREx_EnableVddA
  57              	.LVL0:
  75:Src/stm32u5xx_hal_msp.c ****   /* USER CODE END MspInit 1 */
  76:Src/stm32u5xx_hal_msp.c **** }
  58              		.loc 1 76 1 is_stmt 0 view .LVU8
  59 0022 03B0     		add	sp, sp, #12
  60              		.cfi_def_cfa_offset 4
  61              		@ sp needed
  62 0024 5DF804FB 		ldr	pc, [sp], #4
  63              	.L4:
  64              		.align	2
  65              	.L3:
  66 0028 000C0246 		.word	1174539264
  67              		.cfi_endproc
  68              	.LFE340:
  70              		.section	.text.HAL_ADC_MspInit,"ax",%progbits
  71              		.align	1
  72              		.global	HAL_ADC_MspInit
  73              		.syntax unified
  74              		.thumb
  75              		.thumb_func
  77              	HAL_ADC_MspInit:
  78              	.LVL1:
  79              	.LFB341:
  77:Src/stm32u5xx_hal_msp.c **** 
  78:Src/stm32u5xx_hal_msp.c **** /**
  79:Src/stm32u5xx_hal_msp.c **** * @brief ADC MSP Initialization
  80:Src/stm32u5xx_hal_msp.c **** * This function configures the hardware resources used in this example
  81:Src/stm32u5xx_hal_msp.c **** * @param hadc: ADC handle pointer
  82:Src/stm32u5xx_hal_msp.c **** * @retval None
  83:Src/stm32u5xx_hal_msp.c **** */
  84:Src/stm32u5xx_hal_msp.c **** void HAL_ADC_MspInit(ADC_HandleTypeDef* hadc)
  85:Src/stm32u5xx_hal_msp.c **** {
  80              		.loc 1 85 1 is_stmt 1 view -0
  81              		.cfi_startproc
  82              		@ args = 0, pretend = 0, frame = 240
  83              		@ frame_needed = 0, uses_anonymous_args = 0
  84              		.loc 1 85 1 is_stmt 0 view .LVU10
  85 0000 30B5     		push	{r4, r5, lr}
  86              		.cfi_def_cfa_offset 12
  87              		.cfi_offset 4, -12
  88              		.cfi_offset 5, -8
  89              		.cfi_offset 14, -4
ARM GAS  C:\Users\soran\AppData\Local\Temp\cc7BmlOJ.s 			page 4


  90 0002 BDB0     		sub	sp, sp, #244
  91              		.cfi_def_cfa_offset 256
  92 0004 0446     		mov	r4, r0
  86:Src/stm32u5xx_hal_msp.c ****   GPIO_InitTypeDef GPIO_InitStruct = {0};
  93              		.loc 1 86 3 is_stmt 1 view .LVU11
  94              		.loc 1 86 20 is_stmt 0 view .LVU12
  95 0006 0021     		movs	r1, #0
  96 0008 3791     		str	r1, [sp, #220]
  97 000a 3891     		str	r1, [sp, #224]
  98 000c 3991     		str	r1, [sp, #228]
  99 000e 3A91     		str	r1, [sp, #232]
 100 0010 3B91     		str	r1, [sp, #236]
  87:Src/stm32u5xx_hal_msp.c ****   RCC_PeriphCLKInitTypeDef PeriphClkInit = {0};
 101              		.loc 1 87 3 is_stmt 1 view .LVU13
 102              		.loc 1 87 28 is_stmt 0 view .LVU14
 103 0012 C822     		movs	r2, #200
 104 0014 04A8     		add	r0, sp, #16
 105              	.LVL2:
 106              		.loc 1 87 28 view .LVU15
 107 0016 FFF7FEFF 		bl	memset
 108              	.LVL3:
  88:Src/stm32u5xx_hal_msp.c ****   if(hadc->Instance==ADC1)
 109              		.loc 1 88 3 is_stmt 1 view .LVU16
 110              		.loc 1 88 10 is_stmt 0 view .LVU17
 111 001a 2268     		ldr	r2, [r4]
 112              		.loc 1 88 5 view .LVU18
 113 001c 304B     		ldr	r3, .L11
 114 001e 9A42     		cmp	r2, r3
 115 0020 01D0     		beq	.L9
 116              	.LVL4:
 117              	.L5:
  89:Src/stm32u5xx_hal_msp.c ****   {
  90:Src/stm32u5xx_hal_msp.c ****   /* USER CODE BEGIN ADC1_MspInit 0 */
  91:Src/stm32u5xx_hal_msp.c **** 
  92:Src/stm32u5xx_hal_msp.c ****   /* USER CODE END ADC1_MspInit 0 */
  93:Src/stm32u5xx_hal_msp.c **** 
  94:Src/stm32u5xx_hal_msp.c ****   /** Initializes the peripherals clock
  95:Src/stm32u5xx_hal_msp.c ****   */
  96:Src/stm32u5xx_hal_msp.c ****     PeriphClkInit.PeriphClockSelection = RCC_PERIPHCLK_ADCDAC;
  97:Src/stm32u5xx_hal_msp.c ****     PeriphClkInit.AdcDacClockSelection = RCC_ADCDACCLKSOURCE_HSI;
  98:Src/stm32u5xx_hal_msp.c ****     if (HAL_RCCEx_PeriphCLKConfig(&PeriphClkInit) != HAL_OK)
  99:Src/stm32u5xx_hal_msp.c ****     {
 100:Src/stm32u5xx_hal_msp.c ****       Error_Handler();
 101:Src/stm32u5xx_hal_msp.c ****     }
 102:Src/stm32u5xx_hal_msp.c **** 
 103:Src/stm32u5xx_hal_msp.c ****     /* Peripheral clock enable */
 104:Src/stm32u5xx_hal_msp.c ****     __HAL_RCC_ADC12_CLK_ENABLE();
 105:Src/stm32u5xx_hal_msp.c **** 
 106:Src/stm32u5xx_hal_msp.c ****     __HAL_RCC_GPIOC_CLK_ENABLE();
 107:Src/stm32u5xx_hal_msp.c ****     __HAL_RCC_GPIOA_CLK_ENABLE();
 108:Src/stm32u5xx_hal_msp.c ****     __HAL_RCC_GPIOB_CLK_ENABLE();
 109:Src/stm32u5xx_hal_msp.c ****     /**ADC1 GPIO Configuration
 110:Src/stm32u5xx_hal_msp.c ****     PC0     ------> ADC1_IN1
 111:Src/stm32u5xx_hal_msp.c ****     PC1     ------> ADC1_IN2
 112:Src/stm32u5xx_hal_msp.c ****     PC3     ------> ADC1_IN4
 113:Src/stm32u5xx_hal_msp.c ****     PA2     ------> ADC1_IN7
 114:Src/stm32u5xx_hal_msp.c ****     PA3     ------> ADC1_IN8
ARM GAS  C:\Users\soran\AppData\Local\Temp\cc7BmlOJ.s 			page 5


 115:Src/stm32u5xx_hal_msp.c ****     PB0     ------> ADC1_IN15
 116:Src/stm32u5xx_hal_msp.c ****     */
 117:Src/stm32u5xx_hal_msp.c ****     GPIO_InitStruct.Pin = GPIO_PIN_0|GPIO_PIN_1|GPIO_PIN_3;
 118:Src/stm32u5xx_hal_msp.c ****     GPIO_InitStruct.Mode = GPIO_MODE_ANALOG;
 119:Src/stm32u5xx_hal_msp.c ****     GPIO_InitStruct.Pull = GPIO_NOPULL;
 120:Src/stm32u5xx_hal_msp.c ****     HAL_GPIO_Init(GPIOC, &GPIO_InitStruct);
 121:Src/stm32u5xx_hal_msp.c **** 
 122:Src/stm32u5xx_hal_msp.c ****     GPIO_InitStruct.Pin = GPIO_PIN_2|GPIO_PIN_3;
 123:Src/stm32u5xx_hal_msp.c ****     GPIO_InitStruct.Mode = GPIO_MODE_ANALOG;
 124:Src/stm32u5xx_hal_msp.c ****     GPIO_InitStruct.Pull = GPIO_NOPULL;
 125:Src/stm32u5xx_hal_msp.c ****     HAL_GPIO_Init(GPIOA, &GPIO_InitStruct);
 126:Src/stm32u5xx_hal_msp.c **** 
 127:Src/stm32u5xx_hal_msp.c ****     GPIO_InitStruct.Pin = GPIO_PIN_0;
 128:Src/stm32u5xx_hal_msp.c ****     GPIO_InitStruct.Mode = GPIO_MODE_ANALOG;
 129:Src/stm32u5xx_hal_msp.c ****     GPIO_InitStruct.Pull = GPIO_NOPULL;
 130:Src/stm32u5xx_hal_msp.c ****     HAL_GPIO_Init(GPIOB, &GPIO_InitStruct);
 131:Src/stm32u5xx_hal_msp.c **** 
 132:Src/stm32u5xx_hal_msp.c ****   /* USER CODE BEGIN ADC1_MspInit 1 */
 133:Src/stm32u5xx_hal_msp.c **** 
 134:Src/stm32u5xx_hal_msp.c ****   /* USER CODE END ADC1_MspInit 1 */
 135:Src/stm32u5xx_hal_msp.c ****   }
 136:Src/stm32u5xx_hal_msp.c **** 
 137:Src/stm32u5xx_hal_msp.c **** }
 118              		.loc 1 137 1 view .LVU19
 119 0022 3DB0     		add	sp, sp, #244
 120              		.cfi_remember_state
 121              		.cfi_def_cfa_offset 12
 122              		@ sp needed
 123 0024 30BD     		pop	{r4, r5, pc}
 124              	.LVL5:
 125              	.L9:
 126              		.cfi_restore_state
  96:Src/stm32u5xx_hal_msp.c ****     PeriphClkInit.AdcDacClockSelection = RCC_ADCDACCLKSOURCE_HSI;
 127              		.loc 1 96 5 is_stmt 1 view .LVU20
  96:Src/stm32u5xx_hal_msp.c ****     PeriphClkInit.AdcDacClockSelection = RCC_ADCDACCLKSOURCE_HSI;
 128              		.loc 1 96 40 is_stmt 0 view .LVU21
 129 0026 4FF40042 		mov	r2, #32768
 130 002a 0023     		movs	r3, #0
 131 002c CDE90423 		strd	r2, [sp, #16]
  97:Src/stm32u5xx_hal_msp.c ****     if (HAL_RCCEx_PeriphCLKConfig(&PeriphClkInit) != HAL_OK)
 132              		.loc 1 97 5 is_stmt 1 view .LVU22
  97:Src/stm32u5xx_hal_msp.c ****     if (HAL_RCCEx_PeriphCLKConfig(&PeriphClkInit) != HAL_OK)
 133              		.loc 1 97 40 is_stmt 0 view .LVU23
 134 0030 4FF48043 		mov	r3, #16384
 135 0034 2E93     		str	r3, [sp, #184]
  98:Src/stm32u5xx_hal_msp.c ****     {
 136              		.loc 1 98 5 is_stmt 1 view .LVU24
  98:Src/stm32u5xx_hal_msp.c ****     {
 137              		.loc 1 98 9 is_stmt 0 view .LVU25
 138 0036 04A8     		add	r0, sp, #16
 139 0038 FFF7FEFF 		bl	HAL_RCCEx_PeriphCLKConfig
 140              	.LVL6:
  98:Src/stm32u5xx_hal_msp.c ****     {
 141              		.loc 1 98 8 view .LVU26
 142 003c 0028     		cmp	r0, #0
 143 003e 4BD1     		bne	.L10
 144              	.L7:
ARM GAS  C:\Users\soran\AppData\Local\Temp\cc7BmlOJ.s 			page 6


 104:Src/stm32u5xx_hal_msp.c **** 
 145              		.loc 1 104 5 is_stmt 1 view .LVU27
 146              	.LBB3:
 104:Src/stm32u5xx_hal_msp.c **** 
 147              		.loc 1 104 5 view .LVU28
 104:Src/stm32u5xx_hal_msp.c **** 
 148              		.loc 1 104 5 view .LVU29
 149 0040 284B     		ldr	r3, .L11+4
 150 0042 D3F88C20 		ldr	r2, [r3, #140]
 151 0046 42F48062 		orr	r2, r2, #1024
 152 004a C3F88C20 		str	r2, [r3, #140]
 104:Src/stm32u5xx_hal_msp.c **** 
 153              		.loc 1 104 5 view .LVU30
 154 004e D3F88C20 		ldr	r2, [r3, #140]
 155 0052 02F48062 		and	r2, r2, #1024
 156 0056 0092     		str	r2, [sp]
 104:Src/stm32u5xx_hal_msp.c **** 
 157              		.loc 1 104 5 view .LVU31
 158 0058 009A     		ldr	r2, [sp]
 159              	.LBE3:
 104:Src/stm32u5xx_hal_msp.c **** 
 160              		.loc 1 104 5 view .LVU32
 106:Src/stm32u5xx_hal_msp.c ****     __HAL_RCC_GPIOA_CLK_ENABLE();
 161              		.loc 1 106 5 view .LVU33
 162              	.LBB4:
 106:Src/stm32u5xx_hal_msp.c ****     __HAL_RCC_GPIOA_CLK_ENABLE();
 163              		.loc 1 106 5 view .LVU34
 106:Src/stm32u5xx_hal_msp.c ****     __HAL_RCC_GPIOA_CLK_ENABLE();
 164              		.loc 1 106 5 view .LVU35
 165 005a D3F88C20 		ldr	r2, [r3, #140]
 166 005e 42F00402 		orr	r2, r2, #4
 167 0062 C3F88C20 		str	r2, [r3, #140]
 106:Src/stm32u5xx_hal_msp.c ****     __HAL_RCC_GPIOA_CLK_ENABLE();
 168              		.loc 1 106 5 view .LVU36
 169 0066 D3F88C20 		ldr	r2, [r3, #140]
 170 006a 02F00402 		and	r2, r2, #4
 171 006e 0192     		str	r2, [sp, #4]
 106:Src/stm32u5xx_hal_msp.c ****     __HAL_RCC_GPIOA_CLK_ENABLE();
 172              		.loc 1 106 5 view .LVU37
 173 0070 019A     		ldr	r2, [sp, #4]
 174              	.LBE4:
 106:Src/stm32u5xx_hal_msp.c ****     __HAL_RCC_GPIOA_CLK_ENABLE();
 175              		.loc 1 106 5 view .LVU38
 107:Src/stm32u5xx_hal_msp.c ****     __HAL_RCC_GPIOB_CLK_ENABLE();
 176              		.loc 1 107 5 view .LVU39
 177              	.LBB5:
 107:Src/stm32u5xx_hal_msp.c ****     __HAL_RCC_GPIOB_CLK_ENABLE();
 178              		.loc 1 107 5 view .LVU40
 107:Src/stm32u5xx_hal_msp.c ****     __HAL_RCC_GPIOB_CLK_ENABLE();
 179              		.loc 1 107 5 view .LVU41
 180 0072 D3F88C20 		ldr	r2, [r3, #140]
 181 0076 42F00102 		orr	r2, r2, #1
 182 007a C3F88C20 		str	r2, [r3, #140]
 107:Src/stm32u5xx_hal_msp.c ****     __HAL_RCC_GPIOB_CLK_ENABLE();
 183              		.loc 1 107 5 view .LVU42
 184 007e D3F88C20 		ldr	r2, [r3, #140]
 185 0082 02F00102 		and	r2, r2, #1
ARM GAS  C:\Users\soran\AppData\Local\Temp\cc7BmlOJ.s 			page 7


 186 0086 0292     		str	r2, [sp, #8]
 107:Src/stm32u5xx_hal_msp.c ****     __HAL_RCC_GPIOB_CLK_ENABLE();
 187              		.loc 1 107 5 view .LVU43
 188 0088 029A     		ldr	r2, [sp, #8]
 189              	.LBE5:
 107:Src/stm32u5xx_hal_msp.c ****     __HAL_RCC_GPIOB_CLK_ENABLE();
 190              		.loc 1 107 5 view .LVU44
 108:Src/stm32u5xx_hal_msp.c ****     /**ADC1 GPIO Configuration
 191              		.loc 1 108 5 view .LVU45
 192              	.LBB6:
 108:Src/stm32u5xx_hal_msp.c ****     /**ADC1 GPIO Configuration
 193              		.loc 1 108 5 view .LVU46
 108:Src/stm32u5xx_hal_msp.c ****     /**ADC1 GPIO Configuration
 194              		.loc 1 108 5 view .LVU47
 195 008a D3F88C20 		ldr	r2, [r3, #140]
 196 008e 42F00202 		orr	r2, r2, #2
 197 0092 C3F88C20 		str	r2, [r3, #140]
 108:Src/stm32u5xx_hal_msp.c ****     /**ADC1 GPIO Configuration
 198              		.loc 1 108 5 view .LVU48
 199 0096 D3F88C30 		ldr	r3, [r3, #140]
 200 009a 03F00203 		and	r3, r3, #2
 201 009e 0393     		str	r3, [sp, #12]
 108:Src/stm32u5xx_hal_msp.c ****     /**ADC1 GPIO Configuration
 202              		.loc 1 108 5 view .LVU49
 203 00a0 039B     		ldr	r3, [sp, #12]
 204              	.LBE6:
 108:Src/stm32u5xx_hal_msp.c ****     /**ADC1 GPIO Configuration
 205              		.loc 1 108 5 view .LVU50
 117:Src/stm32u5xx_hal_msp.c ****     GPIO_InitStruct.Mode = GPIO_MODE_ANALOG;
 206              		.loc 1 117 5 view .LVU51
 117:Src/stm32u5xx_hal_msp.c ****     GPIO_InitStruct.Mode = GPIO_MODE_ANALOG;
 207              		.loc 1 117 25 is_stmt 0 view .LVU52
 208 00a2 0B23     		movs	r3, #11
 209 00a4 3793     		str	r3, [sp, #220]
 118:Src/stm32u5xx_hal_msp.c ****     GPIO_InitStruct.Pull = GPIO_NOPULL;
 210              		.loc 1 118 5 is_stmt 1 view .LVU53
 118:Src/stm32u5xx_hal_msp.c ****     GPIO_InitStruct.Pull = GPIO_NOPULL;
 211              		.loc 1 118 26 is_stmt 0 view .LVU54
 212 00a6 0325     		movs	r5, #3
 213 00a8 3895     		str	r5, [sp, #224]
 119:Src/stm32u5xx_hal_msp.c ****     HAL_GPIO_Init(GPIOC, &GPIO_InitStruct);
 214              		.loc 1 119 5 is_stmt 1 view .LVU55
 119:Src/stm32u5xx_hal_msp.c ****     HAL_GPIO_Init(GPIOC, &GPIO_InitStruct);
 215              		.loc 1 119 26 is_stmt 0 view .LVU56
 216 00aa 0024     		movs	r4, #0
 217              	.LVL7:
 119:Src/stm32u5xx_hal_msp.c ****     HAL_GPIO_Init(GPIOC, &GPIO_InitStruct);
 218              		.loc 1 119 26 view .LVU57
 219 00ac 3994     		str	r4, [sp, #228]
 120:Src/stm32u5xx_hal_msp.c **** 
 220              		.loc 1 120 5 is_stmt 1 view .LVU58
 221 00ae 37A9     		add	r1, sp, #220
 222 00b0 0D48     		ldr	r0, .L11+8
 223 00b2 FFF7FEFF 		bl	HAL_GPIO_Init
 224              	.LVL8:
 122:Src/stm32u5xx_hal_msp.c ****     GPIO_InitStruct.Mode = GPIO_MODE_ANALOG;
 225              		.loc 1 122 5 view .LVU59
ARM GAS  C:\Users\soran\AppData\Local\Temp\cc7BmlOJ.s 			page 8


 122:Src/stm32u5xx_hal_msp.c ****     GPIO_InitStruct.Mode = GPIO_MODE_ANALOG;
 226              		.loc 1 122 25 is_stmt 0 view .LVU60
 227 00b6 0C23     		movs	r3, #12
 228 00b8 3793     		str	r3, [sp, #220]
 123:Src/stm32u5xx_hal_msp.c ****     GPIO_InitStruct.Pull = GPIO_NOPULL;
 229              		.loc 1 123 5 is_stmt 1 view .LVU61
 123:Src/stm32u5xx_hal_msp.c ****     GPIO_InitStruct.Pull = GPIO_NOPULL;
 230              		.loc 1 123 26 is_stmt 0 view .LVU62
 231 00ba 3895     		str	r5, [sp, #224]
 124:Src/stm32u5xx_hal_msp.c ****     HAL_GPIO_Init(GPIOA, &GPIO_InitStruct);
 232              		.loc 1 124 5 is_stmt 1 view .LVU63
 124:Src/stm32u5xx_hal_msp.c ****     HAL_GPIO_Init(GPIOA, &GPIO_InitStruct);
 233              		.loc 1 124 26 is_stmt 0 view .LVU64
 234 00bc 3994     		str	r4, [sp, #228]
 125:Src/stm32u5xx_hal_msp.c **** 
 235              		.loc 1 125 5 is_stmt 1 view .LVU65
 236 00be 37A9     		add	r1, sp, #220
 237 00c0 0A48     		ldr	r0, .L11+12
 238 00c2 FFF7FEFF 		bl	HAL_GPIO_Init
 239              	.LVL9:
 127:Src/stm32u5xx_hal_msp.c ****     GPIO_InitStruct.Mode = GPIO_MODE_ANALOG;
 240              		.loc 1 127 5 view .LVU66
 127:Src/stm32u5xx_hal_msp.c ****     GPIO_InitStruct.Mode = GPIO_MODE_ANALOG;
 241              		.loc 1 127 25 is_stmt 0 view .LVU67
 242 00c6 0123     		movs	r3, #1
 243 00c8 3793     		str	r3, [sp, #220]
 128:Src/stm32u5xx_hal_msp.c ****     GPIO_InitStruct.Pull = GPIO_NOPULL;
 244              		.loc 1 128 5 is_stmt 1 view .LVU68
 128:Src/stm32u5xx_hal_msp.c ****     GPIO_InitStruct.Pull = GPIO_NOPULL;
 245              		.loc 1 128 26 is_stmt 0 view .LVU69
 246 00ca 3895     		str	r5, [sp, #224]
 129:Src/stm32u5xx_hal_msp.c ****     HAL_GPIO_Init(GPIOB, &GPIO_InitStruct);
 247              		.loc 1 129 5 is_stmt 1 view .LVU70
 129:Src/stm32u5xx_hal_msp.c ****     HAL_GPIO_Init(GPIOB, &GPIO_InitStruct);
 248              		.loc 1 129 26 is_stmt 0 view .LVU71
 249 00cc 3994     		str	r4, [sp, #228]
 130:Src/stm32u5xx_hal_msp.c **** 
 250              		.loc 1 130 5 is_stmt 1 view .LVU72
 251 00ce 37A9     		add	r1, sp, #220
 252 00d0 0748     		ldr	r0, .L11+16
 253 00d2 FFF7FEFF 		bl	HAL_GPIO_Init
 254              	.LVL10:
 255              		.loc 1 137 1 is_stmt 0 view .LVU73
 256 00d6 A4E7     		b	.L5
 257              	.LVL11:
 258              	.L10:
 100:Src/stm32u5xx_hal_msp.c ****     }
 259              		.loc 1 100 7 is_stmt 1 view .LVU74
 260 00d8 FFF7FEFF 		bl	Error_Handler
 261              	.LVL12:
 262 00dc B0E7     		b	.L7
 263              	.L12:
 264 00de 00BF     		.align	2
 265              	.L11:
 266 00e0 00800242 		.word	1107460096
 267 00e4 000C0246 		.word	1174539264
 268 00e8 00080242 		.word	1107429376
ARM GAS  C:\Users\soran\AppData\Local\Temp\cc7BmlOJ.s 			page 9


 269 00ec 00000242 		.word	1107427328
 270 00f0 00040242 		.word	1107428352
 271              		.cfi_endproc
 272              	.LFE341:
 274              		.section	.text.HAL_ADC_MspDeInit,"ax",%progbits
 275              		.align	1
 276              		.global	HAL_ADC_MspDeInit
 277              		.syntax unified
 278              		.thumb
 279              		.thumb_func
 281              	HAL_ADC_MspDeInit:
 282              	.LVL13:
 283              	.LFB342:
 138:Src/stm32u5xx_hal_msp.c **** 
 139:Src/stm32u5xx_hal_msp.c **** /**
 140:Src/stm32u5xx_hal_msp.c **** * @brief ADC MSP De-Initialization
 141:Src/stm32u5xx_hal_msp.c **** * This function freeze the hardware resources used in this example
 142:Src/stm32u5xx_hal_msp.c **** * @param hadc: ADC handle pointer
 143:Src/stm32u5xx_hal_msp.c **** * @retval None
 144:Src/stm32u5xx_hal_msp.c **** */
 145:Src/stm32u5xx_hal_msp.c **** void HAL_ADC_MspDeInit(ADC_HandleTypeDef* hadc)
 146:Src/stm32u5xx_hal_msp.c **** {
 284              		.loc 1 146 1 view -0
 285              		.cfi_startproc
 286              		@ args = 0, pretend = 0, frame = 0
 287              		@ frame_needed = 0, uses_anonymous_args = 0
 288              		.loc 1 146 1 is_stmt 0 view .LVU76
 289 0000 08B5     		push	{r3, lr}
 290              		.cfi_def_cfa_offset 8
 291              		.cfi_offset 3, -8
 292              		.cfi_offset 14, -4
 147:Src/stm32u5xx_hal_msp.c ****   if(hadc->Instance==ADC1)
 293              		.loc 1 147 3 is_stmt 1 view .LVU77
 294              		.loc 1 147 10 is_stmt 0 view .LVU78
 295 0002 0268     		ldr	r2, [r0]
 296              		.loc 1 147 5 view .LVU79
 297 0004 0B4B     		ldr	r3, .L17
 298 0006 9A42     		cmp	r2, r3
 299 0008 00D0     		beq	.L16
 300              	.LVL14:
 301              	.L13:
 148:Src/stm32u5xx_hal_msp.c ****   {
 149:Src/stm32u5xx_hal_msp.c ****   /* USER CODE BEGIN ADC1_MspDeInit 0 */
 150:Src/stm32u5xx_hal_msp.c **** 
 151:Src/stm32u5xx_hal_msp.c ****   /* USER CODE END ADC1_MspDeInit 0 */
 152:Src/stm32u5xx_hal_msp.c ****     /* Peripheral clock disable */
 153:Src/stm32u5xx_hal_msp.c ****     __HAL_RCC_ADC12_CLK_DISABLE();
 154:Src/stm32u5xx_hal_msp.c **** 
 155:Src/stm32u5xx_hal_msp.c ****     /**ADC1 GPIO Configuration
 156:Src/stm32u5xx_hal_msp.c ****     PC0     ------> ADC1_IN1
 157:Src/stm32u5xx_hal_msp.c ****     PC1     ------> ADC1_IN2
 158:Src/stm32u5xx_hal_msp.c ****     PC3     ------> ADC1_IN4
 159:Src/stm32u5xx_hal_msp.c ****     PA2     ------> ADC1_IN7
 160:Src/stm32u5xx_hal_msp.c ****     PA3     ------> ADC1_IN8
 161:Src/stm32u5xx_hal_msp.c ****     PB0     ------> ADC1_IN15
 162:Src/stm32u5xx_hal_msp.c ****     */
 163:Src/stm32u5xx_hal_msp.c ****     HAL_GPIO_DeInit(GPIOC, GPIO_PIN_0|GPIO_PIN_1|GPIO_PIN_3);
ARM GAS  C:\Users\soran\AppData\Local\Temp\cc7BmlOJ.s 			page 10


 164:Src/stm32u5xx_hal_msp.c **** 
 165:Src/stm32u5xx_hal_msp.c ****     HAL_GPIO_DeInit(GPIOA, GPIO_PIN_2|GPIO_PIN_3);
 166:Src/stm32u5xx_hal_msp.c **** 
 167:Src/stm32u5xx_hal_msp.c ****     HAL_GPIO_DeInit(GPIOB, GPIO_PIN_0);
 168:Src/stm32u5xx_hal_msp.c **** 
 169:Src/stm32u5xx_hal_msp.c ****   /* USER CODE BEGIN ADC1_MspDeInit 1 */
 170:Src/stm32u5xx_hal_msp.c **** 
 171:Src/stm32u5xx_hal_msp.c ****   /* USER CODE END ADC1_MspDeInit 1 */
 172:Src/stm32u5xx_hal_msp.c ****   }
 173:Src/stm32u5xx_hal_msp.c **** 
 174:Src/stm32u5xx_hal_msp.c **** }
 302              		.loc 1 174 1 view .LVU80
 303 000a 08BD     		pop	{r3, pc}
 304              	.LVL15:
 305              	.L16:
 153:Src/stm32u5xx_hal_msp.c **** 
 306              		.loc 1 153 5 is_stmt 1 view .LVU81
 307 000c 0A4A     		ldr	r2, .L17+4
 308 000e D2F88C30 		ldr	r3, [r2, #140]
 309 0012 23F48063 		bic	r3, r3, #1024
 310 0016 C2F88C30 		str	r3, [r2, #140]
 163:Src/stm32u5xx_hal_msp.c **** 
 311              		.loc 1 163 5 view .LVU82
 312 001a 0B21     		movs	r1, #11
 313 001c 0748     		ldr	r0, .L17+8
 314              	.LVL16:
 163:Src/stm32u5xx_hal_msp.c **** 
 315              		.loc 1 163 5 is_stmt 0 view .LVU83
 316 001e FFF7FEFF 		bl	HAL_GPIO_DeInit
 317              	.LVL17:
 165:Src/stm32u5xx_hal_msp.c **** 
 318              		.loc 1 165 5 is_stmt 1 view .LVU84
 319 0022 0C21     		movs	r1, #12
 320 0024 0648     		ldr	r0, .L17+12
 321 0026 FFF7FEFF 		bl	HAL_GPIO_DeInit
 322              	.LVL18:
 167:Src/stm32u5xx_hal_msp.c **** 
 323              		.loc 1 167 5 view .LVU85
 324 002a 0121     		movs	r1, #1
 325 002c 0548     		ldr	r0, .L17+16
 326 002e FFF7FEFF 		bl	HAL_GPIO_DeInit
 327              	.LVL19:
 328              		.loc 1 174 1 is_stmt 0 view .LVU86
 329 0032 EAE7     		b	.L13
 330              	.L18:
 331              		.align	2
 332              	.L17:
 333 0034 00800242 		.word	1107460096
 334 0038 000C0246 		.word	1174539264
 335 003c 00080242 		.word	1107429376
 336 0040 00000242 		.word	1107427328
 337 0044 00040242 		.word	1107428352
 338              		.cfi_endproc
 339              	.LFE342:
 341              		.section	.text.HAL_UART_MspInit,"ax",%progbits
 342              		.align	1
 343              		.global	HAL_UART_MspInit
ARM GAS  C:\Users\soran\AppData\Local\Temp\cc7BmlOJ.s 			page 11


 344              		.syntax unified
 345              		.thumb
 346              		.thumb_func
 348              	HAL_UART_MspInit:
 349              	.LVL20:
 350              	.LFB343:
 175:Src/stm32u5xx_hal_msp.c **** 
 176:Src/stm32u5xx_hal_msp.c **** /**
 177:Src/stm32u5xx_hal_msp.c **** * @brief UART MSP Initialization
 178:Src/stm32u5xx_hal_msp.c **** * This function configures the hardware resources used in this example
 179:Src/stm32u5xx_hal_msp.c **** * @param huart: UART handle pointer
 180:Src/stm32u5xx_hal_msp.c **** * @retval None
 181:Src/stm32u5xx_hal_msp.c **** */
 182:Src/stm32u5xx_hal_msp.c **** void HAL_UART_MspInit(UART_HandleTypeDef* huart)
 183:Src/stm32u5xx_hal_msp.c **** {
 351              		.loc 1 183 1 is_stmt 1 view -0
 352              		.cfi_startproc
 353              		@ args = 0, pretend = 0, frame = 232
 354              		@ frame_needed = 0, uses_anonymous_args = 0
 355              		.loc 1 183 1 is_stmt 0 view .LVU88
 356 0000 10B5     		push	{r4, lr}
 357              		.cfi_def_cfa_offset 8
 358              		.cfi_offset 4, -8
 359              		.cfi_offset 14, -4
 360 0002 BAB0     		sub	sp, sp, #232
 361              		.cfi_def_cfa_offset 240
 362 0004 0446     		mov	r4, r0
 184:Src/stm32u5xx_hal_msp.c ****   GPIO_InitTypeDef GPIO_InitStruct = {0};
 363              		.loc 1 184 3 is_stmt 1 view .LVU89
 364              		.loc 1 184 20 is_stmt 0 view .LVU90
 365 0006 0021     		movs	r1, #0
 366 0008 3591     		str	r1, [sp, #212]
 367 000a 3691     		str	r1, [sp, #216]
 368 000c 3791     		str	r1, [sp, #220]
 369 000e 3891     		str	r1, [sp, #224]
 370 0010 3991     		str	r1, [sp, #228]
 185:Src/stm32u5xx_hal_msp.c ****   RCC_PeriphCLKInitTypeDef PeriphClkInit = {0};
 371              		.loc 1 185 3 is_stmt 1 view .LVU91
 372              		.loc 1 185 28 is_stmt 0 view .LVU92
 373 0012 C822     		movs	r2, #200
 374 0014 02A8     		add	r0, sp, #8
 375              	.LVL21:
 376              		.loc 1 185 28 view .LVU93
 377 0016 FFF7FEFF 		bl	memset
 378              	.LVL22:
 186:Src/stm32u5xx_hal_msp.c ****   if(huart->Instance==USART1)
 379              		.loc 1 186 3 is_stmt 1 view .LVU94
 380              		.loc 1 186 11 is_stmt 0 view .LVU95
 381 001a 2268     		ldr	r2, [r4]
 382              		.loc 1 186 5 view .LVU96
 383 001c 1B4B     		ldr	r3, .L25
 384 001e 9A42     		cmp	r2, r3
 385 0020 01D0     		beq	.L23
 386              	.L19:
 187:Src/stm32u5xx_hal_msp.c ****   {
 188:Src/stm32u5xx_hal_msp.c ****   /* USER CODE BEGIN USART1_MspInit 0 */
 189:Src/stm32u5xx_hal_msp.c **** 
ARM GAS  C:\Users\soran\AppData\Local\Temp\cc7BmlOJ.s 			page 12


 190:Src/stm32u5xx_hal_msp.c ****   /* USER CODE END USART1_MspInit 0 */
 191:Src/stm32u5xx_hal_msp.c **** 
 192:Src/stm32u5xx_hal_msp.c ****   /** Initializes the peripherals clock
 193:Src/stm32u5xx_hal_msp.c ****   */
 194:Src/stm32u5xx_hal_msp.c ****     PeriphClkInit.PeriphClockSelection = RCC_PERIPHCLK_USART1;
 195:Src/stm32u5xx_hal_msp.c ****     PeriphClkInit.Usart1ClockSelection = RCC_USART1CLKSOURCE_PCLK2;
 196:Src/stm32u5xx_hal_msp.c ****     if (HAL_RCCEx_PeriphCLKConfig(&PeriphClkInit) != HAL_OK)
 197:Src/stm32u5xx_hal_msp.c ****     {
 198:Src/stm32u5xx_hal_msp.c ****       Error_Handler();
 199:Src/stm32u5xx_hal_msp.c ****     }
 200:Src/stm32u5xx_hal_msp.c **** 
 201:Src/stm32u5xx_hal_msp.c ****     /* Peripheral clock enable */
 202:Src/stm32u5xx_hal_msp.c ****     __HAL_RCC_USART1_CLK_ENABLE();
 203:Src/stm32u5xx_hal_msp.c **** 
 204:Src/stm32u5xx_hal_msp.c ****     __HAL_RCC_GPIOA_CLK_ENABLE();
 205:Src/stm32u5xx_hal_msp.c ****     /**USART1 GPIO Configuration
 206:Src/stm32u5xx_hal_msp.c ****     PA9     ------> USART1_TX
 207:Src/stm32u5xx_hal_msp.c ****     PA10     ------> USART1_RX
 208:Src/stm32u5xx_hal_msp.c ****     */
 209:Src/stm32u5xx_hal_msp.c ****     GPIO_InitStruct.Pin = GPIO_PIN_9|GPIO_PIN_10;
 210:Src/stm32u5xx_hal_msp.c ****     GPIO_InitStruct.Mode = GPIO_MODE_AF_PP;
 211:Src/stm32u5xx_hal_msp.c ****     GPIO_InitStruct.Pull = GPIO_NOPULL;
 212:Src/stm32u5xx_hal_msp.c ****     GPIO_InitStruct.Speed = GPIO_SPEED_FREQ_LOW;
 213:Src/stm32u5xx_hal_msp.c ****     GPIO_InitStruct.Alternate = GPIO_AF7_USART1;
 214:Src/stm32u5xx_hal_msp.c ****     HAL_GPIO_Init(GPIOA, &GPIO_InitStruct);
 215:Src/stm32u5xx_hal_msp.c **** 
 216:Src/stm32u5xx_hal_msp.c ****   /* USER CODE BEGIN USART1_MspInit 1 */
 217:Src/stm32u5xx_hal_msp.c **** 
 218:Src/stm32u5xx_hal_msp.c ****   /* USER CODE END USART1_MspInit 1 */
 219:Src/stm32u5xx_hal_msp.c ****   }
 220:Src/stm32u5xx_hal_msp.c **** 
 221:Src/stm32u5xx_hal_msp.c **** }
 387              		.loc 1 221 1 view .LVU97
 388 0022 3AB0     		add	sp, sp, #232
 389              		.cfi_remember_state
 390              		.cfi_def_cfa_offset 8
 391              		@ sp needed
 392 0024 10BD     		pop	{r4, pc}
 393              	.LVL23:
 394              	.L23:
 395              		.cfi_restore_state
 194:Src/stm32u5xx_hal_msp.c ****     PeriphClkInit.Usart1ClockSelection = RCC_USART1CLKSOURCE_PCLK2;
 396              		.loc 1 194 5 is_stmt 1 view .LVU98
 194:Src/stm32u5xx_hal_msp.c ****     PeriphClkInit.Usart1ClockSelection = RCC_USART1CLKSOURCE_PCLK2;
 397              		.loc 1 194 40 is_stmt 0 view .LVU99
 398 0026 0122     		movs	r2, #1
 399 0028 0023     		movs	r3, #0
 400 002a CDE90223 		strd	r2, [sp, #8]
 195:Src/stm32u5xx_hal_msp.c ****     if (HAL_RCCEx_PeriphCLKConfig(&PeriphClkInit) != HAL_OK)
 401              		.loc 1 195 5 is_stmt 1 view .LVU100
 196:Src/stm32u5xx_hal_msp.c ****     {
 402              		.loc 1 196 5 view .LVU101
 196:Src/stm32u5xx_hal_msp.c ****     {
 403              		.loc 1 196 9 is_stmt 0 view .LVU102
 404 002e 02A8     		add	r0, sp, #8
 405 0030 FFF7FEFF 		bl	HAL_RCCEx_PeriphCLKConfig
 406              	.LVL24:
ARM GAS  C:\Users\soran\AppData\Local\Temp\cc7BmlOJ.s 			page 13


 196:Src/stm32u5xx_hal_msp.c ****     {
 407              		.loc 1 196 8 view .LVU103
 408 0034 38BB     		cbnz	r0, .L24
 409              	.L21:
 202:Src/stm32u5xx_hal_msp.c **** 
 410              		.loc 1 202 5 is_stmt 1 view .LVU104
 411              	.LBB7:
 202:Src/stm32u5xx_hal_msp.c **** 
 412              		.loc 1 202 5 view .LVU105
 202:Src/stm32u5xx_hal_msp.c **** 
 413              		.loc 1 202 5 view .LVU106
 414 0036 164B     		ldr	r3, .L25+4
 415 0038 D3F8A420 		ldr	r2, [r3, #164]
 416 003c 42F48042 		orr	r2, r2, #16384
 417 0040 C3F8A420 		str	r2, [r3, #164]
 202:Src/stm32u5xx_hal_msp.c **** 
 418              		.loc 1 202 5 view .LVU107
 419 0044 D3F8A420 		ldr	r2, [r3, #164]
 420 0048 02F48042 		and	r2, r2, #16384
 421 004c 0092     		str	r2, [sp]
 202:Src/stm32u5xx_hal_msp.c **** 
 422              		.loc 1 202 5 view .LVU108
 423 004e 009A     		ldr	r2, [sp]
 424              	.LBE7:
 202:Src/stm32u5xx_hal_msp.c **** 
 425              		.loc 1 202 5 view .LVU109
 204:Src/stm32u5xx_hal_msp.c ****     /**USART1 GPIO Configuration
 426              		.loc 1 204 5 view .LVU110
 427              	.LBB8:
 204:Src/stm32u5xx_hal_msp.c ****     /**USART1 GPIO Configuration
 428              		.loc 1 204 5 view .LVU111
 204:Src/stm32u5xx_hal_msp.c ****     /**USART1 GPIO Configuration
 429              		.loc 1 204 5 view .LVU112
 430 0050 D3F88C20 		ldr	r2, [r3, #140]
 431 0054 42F00102 		orr	r2, r2, #1
 432 0058 C3F88C20 		str	r2, [r3, #140]
 204:Src/stm32u5xx_hal_msp.c ****     /**USART1 GPIO Configuration
 433              		.loc 1 204 5 view .LVU113
 434 005c D3F88C30 		ldr	r3, [r3, #140]
 435 0060 03F00103 		and	r3, r3, #1
 436 0064 0193     		str	r3, [sp, #4]
 204:Src/stm32u5xx_hal_msp.c ****     /**USART1 GPIO Configuration
 437              		.loc 1 204 5 view .LVU114
 438 0066 019B     		ldr	r3, [sp, #4]
 439              	.LBE8:
 204:Src/stm32u5xx_hal_msp.c ****     /**USART1 GPIO Configuration
 440              		.loc 1 204 5 view .LVU115
 209:Src/stm32u5xx_hal_msp.c ****     GPIO_InitStruct.Mode = GPIO_MODE_AF_PP;
 441              		.loc 1 209 5 view .LVU116
 209:Src/stm32u5xx_hal_msp.c ****     GPIO_InitStruct.Mode = GPIO_MODE_AF_PP;
 442              		.loc 1 209 25 is_stmt 0 view .LVU117
 443 0068 4FF4C063 		mov	r3, #1536
 444 006c 3593     		str	r3, [sp, #212]
 210:Src/stm32u5xx_hal_msp.c ****     GPIO_InitStruct.Pull = GPIO_NOPULL;
 445              		.loc 1 210 5 is_stmt 1 view .LVU118
 210:Src/stm32u5xx_hal_msp.c ****     GPIO_InitStruct.Pull = GPIO_NOPULL;
 446              		.loc 1 210 26 is_stmt 0 view .LVU119
ARM GAS  C:\Users\soran\AppData\Local\Temp\cc7BmlOJ.s 			page 14


 447 006e 0223     		movs	r3, #2
 448 0070 3693     		str	r3, [sp, #216]
 211:Src/stm32u5xx_hal_msp.c ****     GPIO_InitStruct.Speed = GPIO_SPEED_FREQ_LOW;
 449              		.loc 1 211 5 is_stmt 1 view .LVU120
 211:Src/stm32u5xx_hal_msp.c ****     GPIO_InitStruct.Speed = GPIO_SPEED_FREQ_LOW;
 450              		.loc 1 211 26 is_stmt 0 view .LVU121
 451 0072 0023     		movs	r3, #0
 452 0074 3793     		str	r3, [sp, #220]
 212:Src/stm32u5xx_hal_msp.c ****     GPIO_InitStruct.Alternate = GPIO_AF7_USART1;
 453              		.loc 1 212 5 is_stmt 1 view .LVU122
 212:Src/stm32u5xx_hal_msp.c ****     GPIO_InitStruct.Alternate = GPIO_AF7_USART1;
 454              		.loc 1 212 27 is_stmt 0 view .LVU123
 455 0076 3893     		str	r3, [sp, #224]
 213:Src/stm32u5xx_hal_msp.c ****     HAL_GPIO_Init(GPIOA, &GPIO_InitStruct);
 456              		.loc 1 213 5 is_stmt 1 view .LVU124
 213:Src/stm32u5xx_hal_msp.c ****     HAL_GPIO_Init(GPIOA, &GPIO_InitStruct);
 457              		.loc 1 213 31 is_stmt 0 view .LVU125
 458 0078 0723     		movs	r3, #7
 459 007a 3993     		str	r3, [sp, #228]
 214:Src/stm32u5xx_hal_msp.c **** 
 460              		.loc 1 214 5 is_stmt 1 view .LVU126
 461 007c 35A9     		add	r1, sp, #212
 462 007e 0548     		ldr	r0, .L25+8
 463 0080 FFF7FEFF 		bl	HAL_GPIO_Init
 464              	.LVL25:
 465              		.loc 1 221 1 is_stmt 0 view .LVU127
 466 0084 CDE7     		b	.L19
 467              	.L24:
 198:Src/stm32u5xx_hal_msp.c ****     }
 468              		.loc 1 198 7 is_stmt 1 view .LVU128
 469 0086 FFF7FEFF 		bl	Error_Handler
 470              	.LVL26:
 471 008a D4E7     		b	.L21
 472              	.L26:
 473              		.align	2
 474              	.L25:
 475 008c 00380140 		.word	1073821696
 476 0090 000C0246 		.word	1174539264
 477 0094 00000242 		.word	1107427328
 478              		.cfi_endproc
 479              	.LFE343:
 481              		.section	.text.HAL_UART_MspDeInit,"ax",%progbits
 482              		.align	1
 483              		.global	HAL_UART_MspDeInit
 484              		.syntax unified
 485              		.thumb
 486              		.thumb_func
 488              	HAL_UART_MspDeInit:
 489              	.LVL27:
 490              	.LFB344:
 222:Src/stm32u5xx_hal_msp.c **** 
 223:Src/stm32u5xx_hal_msp.c **** /**
 224:Src/stm32u5xx_hal_msp.c **** * @brief UART MSP De-Initialization
 225:Src/stm32u5xx_hal_msp.c **** * This function freeze the hardware resources used in this example
 226:Src/stm32u5xx_hal_msp.c **** * @param huart: UART handle pointer
 227:Src/stm32u5xx_hal_msp.c **** * @retval None
 228:Src/stm32u5xx_hal_msp.c **** */
ARM GAS  C:\Users\soran\AppData\Local\Temp\cc7BmlOJ.s 			page 15


 229:Src/stm32u5xx_hal_msp.c **** void HAL_UART_MspDeInit(UART_HandleTypeDef* huart)
 230:Src/stm32u5xx_hal_msp.c **** {
 491              		.loc 1 230 1 view -0
 492              		.cfi_startproc
 493              		@ args = 0, pretend = 0, frame = 0
 494              		@ frame_needed = 0, uses_anonymous_args = 0
 495              		.loc 1 230 1 is_stmt 0 view .LVU130
 496 0000 08B5     		push	{r3, lr}
 497              		.cfi_def_cfa_offset 8
 498              		.cfi_offset 3, -8
 499              		.cfi_offset 14, -4
 231:Src/stm32u5xx_hal_msp.c ****   if(huart->Instance==USART1)
 500              		.loc 1 231 3 is_stmt 1 view .LVU131
 501              		.loc 1 231 11 is_stmt 0 view .LVU132
 502 0002 0268     		ldr	r2, [r0]
 503              		.loc 1 231 5 view .LVU133
 504 0004 084B     		ldr	r3, .L31
 505 0006 9A42     		cmp	r2, r3
 506 0008 00D0     		beq	.L30
 507              	.LVL28:
 508              	.L27:
 232:Src/stm32u5xx_hal_msp.c ****   {
 233:Src/stm32u5xx_hal_msp.c ****   /* USER CODE BEGIN USART1_MspDeInit 0 */
 234:Src/stm32u5xx_hal_msp.c **** 
 235:Src/stm32u5xx_hal_msp.c ****   /* USER CODE END USART1_MspDeInit 0 */
 236:Src/stm32u5xx_hal_msp.c ****     /* Peripheral clock disable */
 237:Src/stm32u5xx_hal_msp.c ****     __HAL_RCC_USART1_CLK_DISABLE();
 238:Src/stm32u5xx_hal_msp.c **** 
 239:Src/stm32u5xx_hal_msp.c ****     /**USART1 GPIO Configuration
 240:Src/stm32u5xx_hal_msp.c ****     PA9     ------> USART1_TX
 241:Src/stm32u5xx_hal_msp.c ****     PA10     ------> USART1_RX
 242:Src/stm32u5xx_hal_msp.c ****     */
 243:Src/stm32u5xx_hal_msp.c ****     HAL_GPIO_DeInit(GPIOA, GPIO_PIN_9|GPIO_PIN_10);
 244:Src/stm32u5xx_hal_msp.c **** 
 245:Src/stm32u5xx_hal_msp.c ****   /* USER CODE BEGIN USART1_MspDeInit 1 */
 246:Src/stm32u5xx_hal_msp.c **** 
 247:Src/stm32u5xx_hal_msp.c ****   /* USER CODE END USART1_MspDeInit 1 */
 248:Src/stm32u5xx_hal_msp.c ****   }
 249:Src/stm32u5xx_hal_msp.c **** 
 250:Src/stm32u5xx_hal_msp.c **** }
 509              		.loc 1 250 1 view .LVU134
 510 000a 08BD     		pop	{r3, pc}
 511              	.LVL29:
 512              	.L30:
 237:Src/stm32u5xx_hal_msp.c **** 
 513              		.loc 1 237 5 is_stmt 1 view .LVU135
 514 000c 074A     		ldr	r2, .L31+4
 515 000e D2F8A430 		ldr	r3, [r2, #164]
 516 0012 23F48043 		bic	r3, r3, #16384
 517 0016 C2F8A430 		str	r3, [r2, #164]
 243:Src/stm32u5xx_hal_msp.c **** 
 518              		.loc 1 243 5 view .LVU136
 519 001a 4FF4C061 		mov	r1, #1536
 520 001e 0448     		ldr	r0, .L31+8
 521              	.LVL30:
 243:Src/stm32u5xx_hal_msp.c **** 
 522              		.loc 1 243 5 is_stmt 0 view .LVU137
ARM GAS  C:\Users\soran\AppData\Local\Temp\cc7BmlOJ.s 			page 16


 523 0020 FFF7FEFF 		bl	HAL_GPIO_DeInit
 524              	.LVL31:
 525              		.loc 1 250 1 view .LVU138
 526 0024 F1E7     		b	.L27
 527              	.L32:
 528 0026 00BF     		.align	2
 529              	.L31:
 530 0028 00380140 		.word	1073821696
 531 002c 000C0246 		.word	1174539264
 532 0030 00000242 		.word	1107427328
 533              		.cfi_endproc
 534              	.LFE344:
 536              		.text
 537              	.Letext0:
 538              		.file 2 "c:\\users\\soran\\appdata\\roaming\\code\\user\\globalstorage\\bmd.stm32-for-vscode\\@xpa
 539              		.file 3 "c:\\users\\soran\\appdata\\roaming\\code\\user\\globalstorage\\bmd.stm32-for-vscode\\@xpa
 540              		.file 4 "Drivers/CMSIS/Device/ST/STM32U5xx/Include/stm32u575xx.h"
 541              		.file 5 "Drivers/CMSIS/Device/ST/STM32U5xx/Include/stm32u5xx.h"
 542              		.file 6 "Drivers/STM32U5xx_HAL_Driver/Inc/stm32u5xx_hal_def.h"
 543              		.file 7 "Drivers/STM32U5xx_HAL_Driver/Inc/stm32u5xx_hal_rcc_ex.h"
 544              		.file 8 "Drivers/STM32U5xx_HAL_Driver/Inc/stm32u5xx_hal_gpio.h"
 545              		.file 9 "Drivers/STM32U5xx_HAL_Driver/Inc/stm32u5xx_hal_dma.h"
 546              		.file 10 "Drivers/STM32U5xx_HAL_Driver/Inc/stm32u5xx_hal_dma_ex.h"
 547              		.file 11 "Drivers/STM32U5xx_HAL_Driver/Inc/stm32u5xx_hal_adc.h"
 548              		.file 12 "Drivers/STM32U5xx_HAL_Driver/Inc/stm32u5xx_hal_uart.h"
 549              		.file 13 "Inc/main.h"
 550              		.file 14 "Drivers/STM32U5xx_HAL_Driver/Inc/stm32u5xx_hal_pwr_ex.h"
 551              		.file 15 "<built-in>"
ARM GAS  C:\Users\soran\AppData\Local\Temp\cc7BmlOJ.s 			page 17


DEFINED SYMBOLS
                            *ABS*:0000000000000000 stm32u5xx_hal_msp.c
C:\Users\soran\AppData\Local\Temp\cc7BmlOJ.s:22     .text.HAL_MspInit:0000000000000000 $t
C:\Users\soran\AppData\Local\Temp\cc7BmlOJ.s:28     .text.HAL_MspInit:0000000000000000 HAL_MspInit
C:\Users\soran\AppData\Local\Temp\cc7BmlOJ.s:66     .text.HAL_MspInit:0000000000000028 $d
C:\Users\soran\AppData\Local\Temp\cc7BmlOJ.s:71     .text.HAL_ADC_MspInit:0000000000000000 $t
C:\Users\soran\AppData\Local\Temp\cc7BmlOJ.s:77     .text.HAL_ADC_MspInit:0000000000000000 HAL_ADC_MspInit
C:\Users\soran\AppData\Local\Temp\cc7BmlOJ.s:266    .text.HAL_ADC_MspInit:00000000000000e0 $d
C:\Users\soran\AppData\Local\Temp\cc7BmlOJ.s:275    .text.HAL_ADC_MspDeInit:0000000000000000 $t
C:\Users\soran\AppData\Local\Temp\cc7BmlOJ.s:281    .text.HAL_ADC_MspDeInit:0000000000000000 HAL_ADC_MspDeInit
C:\Users\soran\AppData\Local\Temp\cc7BmlOJ.s:333    .text.HAL_ADC_MspDeInit:0000000000000034 $d
C:\Users\soran\AppData\Local\Temp\cc7BmlOJ.s:342    .text.HAL_UART_MspInit:0000000000000000 $t
C:\Users\soran\AppData\Local\Temp\cc7BmlOJ.s:348    .text.HAL_UART_MspInit:0000000000000000 HAL_UART_MspInit
C:\Users\soran\AppData\Local\Temp\cc7BmlOJ.s:475    .text.HAL_UART_MspInit:000000000000008c $d
C:\Users\soran\AppData\Local\Temp\cc7BmlOJ.s:482    .text.HAL_UART_MspDeInit:0000000000000000 $t
C:\Users\soran\AppData\Local\Temp\cc7BmlOJ.s:488    .text.HAL_UART_MspDeInit:0000000000000000 HAL_UART_MspDeInit
C:\Users\soran\AppData\Local\Temp\cc7BmlOJ.s:530    .text.HAL_UART_MspDeInit:0000000000000028 $d

UNDEFINED SYMBOLS
HAL_PWREx_EnableVddA
memset
HAL_RCCEx_PeriphCLKConfig
HAL_GPIO_Init
Error_Handler
HAL_GPIO_DeInit
